<?xml version="1.0" encoding="UTF-8"?>
<!-- Generated by org.testng.reporters.JUnitReportReporter -->
<testsuite hostname="LAPTOP-8P3BR2PR" failures="0" tests="1" name="vtiger.Practise.ArgumentsFromCMDPROMT" time="0.028" errors="0" timestamp="2023-01-06T11:44:39 IST" skipped="0">
  <testcase classname="vtiger.Practise.ArgumentsFromCMDPROMT" name="login" time="0.028"/>
  <system-out/>
</testsuite> <!-- vtiger.Practise.ArgumentsFromCMDPROMT -->
