<?xml version="1.0" encoding="UTF-8"?>
<!-- Generated by org.testng.reporters.JUnitReportReporter -->
<testsuite hostname="LAPTOP-8P3BR2PR" failures="0" tests="2" name="vtiger.Practise.CreateOrganization" time="13.662" errors="0" timestamp="2023-01-06T11:22:12 IST" skipped="0">
  <testcase classname="vtiger.Practise.CreateOrganization" name="CreateOrganization" time="4.492"/>
  <system-out/>
  <testcase classname="vtiger.Practise.CreateOrganization" name="CreateDEMO" time="9.170"/>
  <system-out/>
</testsuite> <!-- vtiger.Practise.CreateOrganization -->
